<?xml version="1.0" encoding="UTF-8"?>
<coverage generated="1631205444319" clover="3.2.0">
  <project timestamp="1631205444319" name="All files">
    <metrics statements="52" coveredstatements="41" conditionals="16" coveredconditionals="10" methods="25" coveredmethods="19" elements="93" coveredelements="70" complexity="0" loc="52" ncloc="52" packages="2" files="4" classes="4"/>
    <package name="components">
      <metrics statements="26" coveredstatements="21" conditionals="14" coveredconditionals="9" methods="11" coveredmethods="10"/>
      <file name="Editor.vue" path="/Users/sergiocastellano/Projects/web-twitter/components/Editor.vue">
        <metrics statements="4" coveredstatements="4" conditionals="0" coveredconditionals="0" methods="2" coveredmethods="2"/>
        <line num="39" count="2" type="stmt"/>
        <line num="45" count="1" type="stmt"/>
        <line num="50" count="1" type="stmt"/>
        <line num="51" count="1" type="stmt"/>
      </file>
      <file name="List.vue" path="/Users/sergiocastellano/Projects/web-twitter/components/List.vue">
        <metrics statements="15" coveredstatements="10" conditionals="9" coveredconditionals="5" methods="6" coveredmethods="5"/>
        <line num="46" count="4" type="stmt"/>
        <line num="55" count="4" type="stmt"/>
        <line num="61" count="0" type="stmt"/>
        <line num="62" count="0" type="cond" truecount="0" falsecount="2"/>
        <line num="63" count="0" type="stmt"/>
        <line num="65" count="0" type="stmt"/>
        <line num="68" count="5" type="stmt"/>
        <line num="69" count="5" type="cond" truecount="4" falsecount="1"/>
        <line num="70" count="5" type="stmt"/>
        <line num="72" count="5" type="stmt"/>
        <line num="77" count="1" type="stmt"/>
        <line num="78" count="1" type="cond" truecount="1" falsecount="1"/>
        <line num="79" count="1" type="stmt"/>
        <line num="81" count="0" type="stmt"/>
        <line num="86" count="1" type="stmt"/>
      </file>
      <file name="Timeline.vue" path="/Users/sergiocastellano/Projects/web-twitter/components/Timeline.vue">
        <metrics statements="7" coveredstatements="7" conditionals="5" coveredconditionals="4" methods="3" coveredmethods="3"/>
        <line num="26" count="2" type="stmt"/>
        <line num="32" count="2" type="stmt"/>
        <line num="38" count="2" type="stmt"/>
        <line num="39" count="2" type="cond" truecount="4" falsecount="1"/>
        <line num="40" count="2" type="stmt"/>
        <line num="42" count="2" type="stmt"/>
        <line num="47" count="1" type="stmt"/>
      </file>
    </package>
    <package name="pages">
      <metrics statements="26" coveredstatements="20" conditionals="2" coveredconditionals="1" methods="14" coveredmethods="9"/>
      <file name="index.vue" path="/Users/sergiocastellano/Projects/web-twitter/pages/index.vue">
        <metrics statements="26" coveredstatements="20" conditionals="2" coveredconditionals="1" methods="14" coveredmethods="9"/>
        <line num="29" count="1" type="stmt"/>
        <line num="30" count="1" type="stmt"/>
        <line num="31" count="1" type="stmt"/>
        <line num="32" count="1" type="stmt"/>
        <line num="42" count="5" type="stmt"/>
        <line num="51" count="10" type="stmt"/>
        <line num="52" count="35" type="stmt"/>
        <line num="58" count="5" type="stmt"/>
        <line num="63" count="5" type="stmt"/>
        <line num="65" count="5" type="stmt"/>
        <line num="66" count="0" type="stmt"/>
        <line num="67" count="0" type="stmt"/>
        <line num="72" count="1" type="stmt"/>
        <line num="73" count="1" type="stmt"/>
        <line num="74" count="1" type="stmt"/>
        <line num="77" count="1" type="stmt"/>
        <line num="78" count="1" type="stmt"/>
        <line num="79" count="1" type="stmt"/>
        <line num="82" count="1" type="stmt"/>
        <line num="83" count="1" type="stmt"/>
        <line num="86" count="1" type="cond" truecount="1" falsecount="1"/>
        <line num="87" count="1" type="stmt"/>
        <line num="89" count="0" type="stmt"/>
        <line num="90" count="0" type="stmt"/>
        <line num="95" count="0" type="stmt"/>
        <line num="96" count="0" type="stmt"/>
      </file>
    </package>
  </project>
</coverage>
