TN:
SF:components/Editor.vue
FN:38,(anonymous_1)
FN:44,(anonymous_2)
FNF:2
FNH:2
FNDA:2,(anonymous_1)
FNDA:1,(anonymous_2)
DA:39,2
DA:45,1
DA:50,1
DA:51,1
LF:4
LH:4
BRF:0
BRH:0
end_of_record
TN:
SF:components/List.vue
FN:46,(anonymous_1)
FN:54,(anonymous_2)
FN:60,(anonymous_3)
FN:67,(anonymous_4)
FN:76,(anonymous_5)
FN:85,(anonymous_6)
FNF:6
FNH:5
FNDA:4,(anonymous_1)
FNDA:4,(anonymous_2)
FNDA:0,(anonymous_3)
FNDA:5,(anonymous_4)
FNDA:1,(anonymous_5)
FNDA:1,(anonymous_6)
DA:46,4
DA:55,4
DA:61,0
DA:62,0
DA:63,0
DA:65,0
DA:68,5
DA:69,5
DA:70,5
DA:72,5
DA:77,1
DA:78,1
DA:79,1
DA:81,0
DA:86,1
LF:15
LH:10
BRDA:62,0,0,0
BRDA:62,0,1,0
BRDA:69,1,0,5
BRDA:69,1,1,0
BRDA:69,2,0,5
BRDA:69,2,1,4
BRDA:69,2,2,4
BRDA:78,3,0,1
BRDA:78,3,1,0
BRF:9
BRH:5
end_of_record
TN:
SF:components/Timeline.vue
FN:32,(anonymous_2)
FN:37,(anonymous_3)
FN:46,(anonymous_4)
FNF:3
FNH:3
FNDA:2,(anonymous_2)
FNDA:2,(anonymous_3)
FNDA:1,(anonymous_4)
DA:26,2
DA:32,2
DA:38,2
DA:39,2
DA:40,2
DA:42,2
DA:47,1
LF:7
LH:7
BRDA:39,0,0,2
BRDA:39,0,1,0
BRDA:39,1,0,2
BRDA:39,1,1,2
BRDA:39,1,2,2
BRF:5
BRH:4
end_of_record
TN:
SF:pages/index.vue
FN:41,(anonymous_2)
FN:50,(anonymous_3)
FN:51,(anonymous_4)
FN:57,(anonymous_5)
FN:62,(anonymous_6)
FN:65,(anonymous_7)
FN:66,(anonymous_8)
FN:71,(anonymous_9)
FN:76,(anonymous_10)
FN:81,(anonymous_11)
FN:85,(anonymous_12)
FN:89,(anonymous_13)
FN:94,(anonymous_14)
FN:95,(anonymous_15)
FNF:14
FNH:9
FNDA:5,(anonymous_2)
FNDA:10,(anonymous_3)
FNDA:35,(anonymous_4)
FNDA:5,(anonymous_5)
FNDA:5,(anonymous_6)
FNDA:0,(anonymous_7)
FNDA:0,(anonymous_8)
FNDA:1,(anonymous_9)
FNDA:1,(anonymous_10)
FNDA:1,(anonymous_11)
FNDA:1,(anonymous_12)
FNDA:0,(anonymous_13)
FNDA:0,(anonymous_14)
FNDA:0,(anonymous_15)
DA:29,1
DA:30,1
DA:31,1
DA:32,1
DA:42,5
DA:51,10
DA:52,35
DA:58,5
DA:63,5
DA:65,5
DA:66,0
DA:67,0
DA:72,1
DA:73,1
DA:74,1
DA:77,1
DA:78,1
DA:79,1
DA:82,1
DA:83,1
DA:86,1
DA:87,1
DA:89,0
DA:90,0
DA:95,0
DA:96,0
LF:26
LH:20
BRDA:86,0,0,1
BRDA:86,0,1,0
BRF:2
BRH:1
end_of_record
